
SQL*Loader: Release 10.2.0.1.0 - Production on Sun Jul 13 21:31:40 2008

Copyright (c) 1982, 2005, Oracle.  All rights reserved.

Control File:   /tmp/filesgHvD3.ctl
Data File:      /web/kaos/packages/ref-us-zipcodes/sql/common/us-zipcodes.dat
  Bad File:     /tmp/us-zipcodes.bad
  Discard File:  none specified
 
 (Allow all discards)

Number to load: ALL
Number to skip: 0
Errors allowed: 50
Bind array:     64 rows, maximum of 256000 bytes
Continuation:    none specified
Path used:      Conventional

Table US_ZIPCODES, loaded from every logical record.
Insert option in effect for this table: REPLACE

   Column Name                  Position   Len  Term Encl Datatype
------------------------------ ---------- ----- ---- ---- ---------------------
ZIPCODE                             FIRST     *   ,  O(') CHARACTER            
NAME                                 NEXT     *   ,  O(') CHARACTER            
FIPS_STATE_CODE                      NEXT     *   ,  O(') CHARACTER            
FIPS_COUNTY_CODE                     NEXT     *   ,  O(') CHARACTER            
LATITUDE                             NEXT     *   ,  O(') CHARACTER            
LONGITUDE                            NEXT     *   ,  O(') CHARACTER            


Table US_ZIPCODES:
  42192 Rows successfully loaded.
  0 Rows not loaded due to data errors.
  0 Rows not loaded because all WHEN clauses were failed.
  0 Rows not loaded because all fields were null.


Space allocated for bind array:                  99072 bytes(64 rows)
Read   buffer bytes: 1048576

Total logical records skipped:          0
Total logical records read:         42192
Total logical records rejected:         0
Total logical records discarded:        0

Run began on Sun Jul 13 21:31:40 2008
Run ended on Sun Jul 13 21:31:43 2008

Elapsed time was:     00:00:03.31
CPU time was:         00:00:00.34
