
SQL*Loader: Release 10.2.0.1.0 - Production on Sun Jul 13 21:29:40 2008

Copyright (c) 1982, 2005, Oracle.  All rights reserved.

Control File:   /tmp/filed1a527.ctl
Data File:      /web/kaos/packages/ref-us-counties/sql/common/us-counties.dat
  Bad File:     /tmp/us-counties.bad
  Discard File:  none specified
 
 (Allow all discards)

Number to load: ALL
Number to skip: 0
Errors allowed: 50
Bind array:     64 rows, maximum of 256000 bytes
Continuation:    none specified
Path used:      Conventional

Table US_COUNTIES, loaded from every logical record.
Insert option in effect for this table: REPLACE

   Column Name                  Position   Len  Term Encl Datatype
------------------------------ ---------- ----- ---- ---- ---------------------
FIPS_STATE_CODE                     FIRST     *   ,  O(') CHARACTER            
FIPS_COUNTY_CODE                     NEXT     *   ,  O(') CHARACTER            
NAME                                 NEXT     *   ,  O(') CHARACTER            
STATE_ABBREV                         NEXT     *   ,  O(') CHARACTER            
POPULATION                           NEXT     *   ,  O(') CHARACTER            
HOUSING_UNITS                        NEXT     *   ,  O(') CHARACTER            
LAND_AREA                            NEXT     *   ,  O(') CHARACTER            
WATER_AREA                           NEXT     *   ,  O(') CHARACTER            
LATITUDE                             NEXT     *   ,  O(') CHARACTER            
LONGITUDE                            NEXT     *   ,  O(') CHARACTER            


Table US_COUNTIES:
  3141 Rows successfully loaded.
  0 Rows not loaded due to data errors.
  0 Rows not loaded because all WHEN clauses were failed.
  0 Rows not loaded because all fields were null.


Space allocated for bind array:                 165120 bytes(64 rows)
Read   buffer bytes: 1048576

Total logical records skipped:          0
Total logical records read:          3141
Total logical records rejected:         0
Total logical records discarded:        0

Run began on Sun Jul 13 21:29:40 2008
Run ended on Sun Jul 13 21:29:41 2008

Elapsed time was:     00:00:00.46
CPU time was:         00:00:00.07
