
SQL*Loader: Release 10.2.0.1.0 - Production on Sun Jul 13 17:23:03 2008

Copyright (c) 1982, 2005, Oracle.  All rights reserved.

Control File:   /tmp/fileD07qR2.ctl
Data File:      /web/kaos/packages/ref-timezones/sql/common/timezone-rules.dat
  Bad File:     /tmp/timezone-rules.bad
  Discard File:  none specified
 
 (Allow all discards)

Number to load: ALL
Number to skip: 0
Errors allowed: 50
Bind array:     64 rows, maximum of 256000 bytes
Continuation:    none specified
Path used:      Conventional

Table TIMEZONE_RULES, loaded from every logical record.
Insert option in effect for this table: REPLACE

   Column Name                  Position   Len  Term Encl Datatype
------------------------------ ---------- ----- ---- ---- ---------------------
TZ_ID                               FIRST     *   ,  O(') CHARACTER            
ABBREV                               NEXT     *   ,  O(') CHARACTER            
UTC_START                            NEXT     *   ,  O(') DATE Mon DD YYYY HH:MI:SS
UTC_END                              NEXT     *   ,  O(') DATE Mon DD YYYY HH:MI:SS
LOCAL_START                          NEXT     *   ,  O(') DATE Mon DD YYYY HH:MI:SS
LOCAL_END                            NEXT     *   ,  O(') DATE Mon DD YYYY HH:MI:SS
GMT_OFFSET                           NEXT     *   ,  O(') CHARACTER            
ISDST                                NEXT     *   ,  O(') CHARACTER            


Table TIMEZONE_RULES:
  35931 Rows successfully loaded.
  0 Rows not loaded due to data errors.
  0 Rows not loaded because all WHEN clauses were failed.
  0 Rows not loaded because all fields were null.


Space allocated for bind array:                 132096 bytes(64 rows)
Read   buffer bytes: 1048576

Total logical records skipped:          0
Total logical records read:         35931
Total logical records rejected:         0
Total logical records discarded:        0

Run began on Sun Jul 13 17:23:03 2008
Run ended on Sun Jul 13 17:23:08 2008

Elapsed time was:     00:00:04.95
CPU time was:         00:00:00.47
