
SQL*Loader: Release 10.2.0.1.0 - Production on Sun Jul 13 17:23:03 2008

Copyright (c) 1982, 2005, Oracle.  All rights reserved.

Control File:   /tmp/filettKZ73.ctl
Data File:      /web/kaos/packages/ref-timezones/sql/common/timezones.dat
  Bad File:     /tmp/timezones.bad
  Discard File:  none specified
 
 (Allow all discards)

Number to load: ALL
Number to skip: 0
Errors allowed: 50
Bind array:     64 rows, maximum of 256000 bytes
Continuation:    none specified
Path used:      Conventional

Table TIMEZONES, loaded from every logical record.
Insert option in effect for this table: REPLACE

   Column Name                  Position   Len  Term Encl Datatype
------------------------------ ---------- ----- ---- ---- ---------------------
TZ_ID                               FIRST     *   ,  O(') CHARACTER            
TZ                                   NEXT     *   ,  O(') CHARACTER            
GMT_OFFSET                           NEXT     *   ,  O(') CHARACTER            


Table TIMEZONES:
  521 Rows successfully loaded.
  0 Rows not loaded due to data errors.
  0 Rows not loaded because all WHEN clauses were failed.
  0 Rows not loaded because all fields were null.


Space allocated for bind array:                  49536 bytes(64 rows)
Read   buffer bytes: 1048576

Total logical records skipped:          0
Total logical records read:           521
Total logical records rejected:         0
Total logical records discarded:        0

Run began on Sun Jul 13 17:23:03 2008
Run ended on Sun Jul 13 17:23:03 2008

Elapsed time was:     00:00:00.32
CPU time was:         00:00:00.03
