
SQL*Loader: Release 10.2.0.1.0 - Production on Sun Jul 13 21:29:40 2008

Copyright (c) 1982, 2005, Oracle.  All rights reserved.

Control File:   /tmp/fileOIEcby.ctl
Data File:      /web/kaos/packages/ref-us-states/sql/common/us-states.dat
  Bad File:     /tmp/us-states.bad
  Discard File:  none specified
 
 (Allow all discards)

Number to load: ALL
Number to skip: 0
Errors allowed: 50
Bind array:     64 rows, maximum of 256000 bytes
Continuation:    none specified
Path used:      Conventional

Table US_STATES, loaded from every logical record.
Insert option in effect for this table: REPLACE

   Column Name                  Position   Len  Term Encl Datatype
------------------------------ ---------- ----- ---- ---- ---------------------
ABBREV                              FIRST     *   ,  O(') CHARACTER            
STATE_NAME                           NEXT     *   ,  O(') CHARACTER            
FIPS_STATE_CODE                      NEXT     *   ,  O(') CHARACTER            


Table US_STATES:
  69 Rows successfully loaded.
  0 Rows not loaded due to data errors.
  0 Rows not loaded because all WHEN clauses were failed.
  0 Rows not loaded because all fields were null.


Space allocated for bind array:                  49536 bytes(64 rows)
Read   buffer bytes: 1048576

Total logical records skipped:          0
Total logical records read:            69
Total logical records rejected:         0
Total logical records discarded:        0

Run began on Sun Jul 13 21:29:40 2008
Run ended on Sun Jul 13 21:29:40 2008

Elapsed time was:     00:00:00.11
CPU time was:         00:00:00.03
